生成启动时间为 2014/9/21 16:38:53。
     1>项目“E:\课外学习资料\大创\FatigueDrivingReco\FatigueDrivingReco\FatigueDrivingReco.vcxproj”在节点 2 上(build 个目标)。
     1>InitializeBuildStatus:
         正在创建“Debug\FatigueDrivingReco.unsuccessfulbuild”，因为已指定“AlwaysCreate”。
       ClCompile:
         d:\Microsoft Visual Studio 10.0\VC\bin\CL.exe /c /ZI /nologo /W3 /WX- /Od /Oy- /D WIN32 /D _DEBUG /D _CONSOLE /D _UNICODE /D UNICODE /Gm /EHsc /RTC1 /MDd /GS /fp:precise /Zc:wchar_t /Zc:forScope /Fo"Debug\\" /Fd"Debug\vc100.pdb" /Gd /TP /analyze- /errorReport:prompt detectFace.cpp histProject.cpp histogram.cpp lineTrans.cpp main.cpp nonlineTrans.cpp ostuThreshold.cpp
         main.cpp
     1>e:\课外学习资料\大创\fatiguedrivingreco\fatiguedrivingreco\main.cpp(187): warning C4305: “参数”: 从“double”到“float”截断
     1>e:\课外学习资料\大创\fatiguedrivingreco\fatiguedrivingreco\main.cpp(200): warning C4305: “参数”: 从“double”到“float”截断
     1>e:\课外学习资料\大创\fatiguedrivingreco\fatiguedrivingreco\main.cpp(65): warning C4101: “eyeBrowThreshold”: 未引用的局部变量
     1>e:\课外学习资料\大创\fatiguedrivingreco\fatiguedrivingreco\main.cpp(47): warning C4101: “stop”: 未引用的局部变量
     1>e:\课外学习资料\大创\fatiguedrivingreco\fatiguedrivingreco\main.cpp(47): warning C4101: “start”: 未引用的局部变量
     1>e:\课外学习资料\大创\fatiguedrivingreco\fatiguedrivingreco\main.cpp(41): warning C4101: “j”: 未引用的局部变量
         正在生成代码...
         正在跳过...(未检测到相关更改)
         ostuThreshold.cpp
         nonlineTrans.cpp
         lineTrans.cpp
         histogram.cpp
         histProject.cpp
         detectFace.cpp
       ManifestResourceCompile:
         所有输出均为最新。
       Link:
         d:\Microsoft Visual Studio 10.0\VC\bin\link.exe /ERRORREPORT:PROMPT /OUT:"E:\课外学习资料\大创\FatigueDrivingReco\Debug\FatigueDrivingReco.exe" /INCREMENTAL /NOLOGO opencv_calib3d249d.lib opencv_contrib249d.lib opencv_core249d.lib opencv_features2d249d.lib opencv_flann249d.lib opencv_gpu249d.lib opencv_highgui249d.lib opencv_imgproc249d.lib opencv_legacy249d.lib opencv_ml249d.lib opencv_nonfree249d.lib opencv_objdetect249d.lib opencv_photo249d.lib opencv_stitching249d.lib opencv_ts249d.lib opencv_video249d.lib opencv_videostab249d.lib kernel32.lib user32.lib gdi32.lib winspool.lib comdlg32.lib advapi32.lib shell32.lib ole32.lib oleaut32.lib uuid.lib odbc32.lib odbccp32.lib /MANIFEST /ManifestFile:"Debug\FatigueDrivingReco.exe.intermediate.manifest" /MANIFESTUAC:"level='asInvoker' uiAccess='false'" /DEBUG /PDB:"E:\课外学习资料\大创\FatigueDrivingReco\Debug\FatigueDrivingReco.pdb" /SUBSYSTEM:CONSOLE /TLBID:1 /DYNAMICBASE /NXCOMPAT /IMPLIB:"E:\课外学习资料\大创\FatigueDrivingReco\Debug\FatigueDrivingReco.lib" /MACHINE:X86 Debug\FatigueDrivingReco.exe.embed.manifest.res
         Debug\detectFace.obj
         Debug\getEyePos.obj
         Debug\histogram.obj
         Debug\histProject.obj
         Debug\lineTrans.obj
         Debug\main.obj
         Debug\nonlineTrans.obj
         Debug\ostuThreshold.obj
         Debug\recoEyeState.obj
       Manifest:
         C:\Program Files (x86)\Microsoft SDKs\Windows\v7.0A\bin\mt.exe /nologo /verbose /out:"Debug\FatigueDrivingReco.exe.embed.manifest" /manifest Debug\FatigueDrivingReco.exe.intermediate.manifest
         所有输出均为最新。
       LinkEmbedManifest:
         所有输出均为最新。
         FatigueDrivingReco.vcxproj -> E:\课外学习资料\大创\FatigueDrivingReco\Debug\FatigueDrivingReco.exe
       FinalizeBuildStatus:
         正在删除文件“Debug\FatigueDrivingReco.unsuccessfulbuild”。
         正在对“Debug\FatigueDrivingReco.lastbuildstate”执行 Touch 任务。
     1>已完成生成项目“E:\课外学习资料\大创\FatigueDrivingReco\FatigueDrivingReco\FatigueDrivingReco.vcxproj”(build 个目标)的操作。

生成成功。

已用时间 00:00:03.75
